2025-09-01 17:10:10 - Starting TenantBillingApplication using Java 17.0.16 on MOHAN-PC with PID 25136 (C:\Users\MOHANBABU G\OneDrive\Projects\BABU\target\classes started by MOHANBABU G in C:\Users\MOHANBABU G\OneDrive\Projects\BABU)
2025-09-01 17:10:10 - No active profile set, falling back to default profiles: default
2025-09-01 17:10:10 - Bootstrapping Spring Data JPA repositories in DEFAULT mode.
2025-09-01 17:10:10 - Finished Spring Data repository scanning in 37 ms. Found 3 JPA repository interfaces.
2025-09-01 17:10:11 - Tomcat initialized with port(s): 8080 (http)
2025-09-01 17:10:11 - Starting service [Tomcat]
2025-09-01 17:10:11 - Starting Servlet engine: [Apache Tomcat/9.0.56]
2025-09-01 17:10:11 - Initializing Spring embedded WebApplicationContext
2025-09-01 17:10:11 - Root WebApplicationContext: initialization completed in 1254 ms
2025-09-01 17:10:11 - HHH000204: Processing PersistenceUnitInfo [name: default]
2025-09-01 17:10:11 - HHH000412: Hibernate ORM core version 5.6.4.Final
2025-09-01 17:10:11 - HCANN000001: Hibernate Commons Annotations {5.1.2.Final}
2025-09-01 17:10:11 - HikariPool-1 - Starting...
2025-09-01 17:10:12 - HikariPool-1 - Start completed.
2025-09-01 17:10:12 - HHH000400: Using dialect: org.hibernate.dialect.MySQL8Dialect
2025-09-01 17:10:12 - HHH000490: Using JtaPlatform implementation: [org.hibernate.engine.transaction.jta.platform.internal.NoJtaPlatform]
2025-09-01 17:10:12 - Initialized JPA EntityManagerFactory for persistence unit 'default'
2025-09-01 17:10:13 - spring.jpa.open-in-view is enabled by default. Therefore, database queries may be performed during view rendering. Explicitly configure spring.jpa.open-in-view to disable this warning
2025-09-01 17:10:14 - Tomcat started on port(s): 8080 (http) with context path ''
2025-09-01 17:10:14 - Started TenantBillingApplication in 4.282 seconds (JVM running for 4.663)
2025-09-01 17:18:47 - Closing JPA EntityManagerFactory for persistence unit 'default'
2025-09-01 17:18:47 - HikariPool-1 - Shutdown initiated...
2025-09-01 17:18:47 - HikariPool-1 - Shutdown completed.
2025-09-01 17:19:18 - Starting TenantBillingApplication using Java 17.0.16 on MOHAN-PC with PID 24436 (C:\Users\MOHANBABU G\OneDrive\Projects\BABU\target\classes started by MOHANBABU G in C:\Users\MOHANBABU G\OneDrive\Projects\BABU)
2025-09-01 17:19:18 - No active profile set, falling back to default profiles: default
2025-09-01 17:19:18 - Bootstrapping Spring Data JPA repositories in DEFAULT mode.
2025-09-01 17:19:18 - Finished Spring Data repository scanning in 38 ms. Found 4 JPA repository interfaces.
2025-09-01 17:19:19 - Tomcat initialized with port(s): 8080 (http)
2025-09-01 17:19:19 - Starting service [Tomcat]
2025-09-01 17:19:19 - Starting Servlet engine: [Apache Tomcat/9.0.56]
2025-09-01 17:19:19 - Initializing Spring embedded WebApplicationContext
2025-09-01 17:19:19 - Root WebApplicationContext: initialization completed in 1067 ms
2025-09-01 17:19:19 - HHH000204: Processing PersistenceUnitInfo [name: default]
2025-09-01 17:19:19 - HHH000412: Hibernate ORM core version 5.6.4.Final
2025-09-01 17:19:19 - HCANN000001: Hibernate Commons Annotations {5.1.2.Final}
2025-09-01 17:19:19 - HikariPool-1 - Starting...
2025-09-01 17:19:19 - HikariPool-1 - Start completed.
2025-09-01 17:19:19 - HHH000400: Using dialect: org.hibernate.dialect.MySQL8Dialect
2025-09-01 17:19:20 - HHH000490: Using JtaPlatform implementation: [org.hibernate.engine.transaction.jta.platform.internal.NoJtaPlatform]
2025-09-01 17:19:20 - Initialized JPA EntityManagerFactory for persistence unit 'default'
2025-09-01 17:19:21 - spring.jpa.open-in-view is enabled by default. Therefore, database queries may be performed during view rendering. Explicitly configure spring.jpa.open-in-view to disable this warning
2025-09-01 17:19:21 - Tomcat started on port(s): 8080 (http) with context path ''
2025-09-01 17:19:21 - Started TenantBillingApplication in 3.827 seconds (JVM running for 4.081)
2025-09-01 17:20:21 - Initializing Spring DispatcherServlet 'dispatcherServlet'
2025-09-01 17:20:21 - Initializing Servlet 'dispatcherServlet'
2025-09-01 17:20:21 - Completed initialization in 2 ms
2025-09-01 17:20:21 - Fetching all bills
2025-09-01 17:20:21 - Fetching bills for tenant: mohan
